<?xml version="1.0" encoding="UTF-8"?>
<!-- Generated by org.testng.reporters.JUnitReportReporter -->
<testsuite skipped="0" hostname="Stevens-Yoast-MacBook.local" name="tests.CurrentWeatherTest" tests="5" failures="0" timestamp="30 May 2021 20:17:06 GMT" time="2.365" errors="0">
  <testcase name="negativeTestNonExistantPlace" time="0.297" classname="tests.CurrentWeatherTest"/>
  <testcase name="positiveTestValidQueryAndPositiveOffset" time="0.413" classname="tests.CurrentWeatherTest"/>
  <testcase name="positiveTestValidQuery" time="0.305" classname="tests.CurrentWeatherTest"/>
  <testcase name="negativeTestCorrectQueryTwoCityCrossSemicolon" time="1.114" classname="tests.CurrentWeatherTest"/>
  <testcase name="positiveTestValidQueryTwoCitiesSpaceDivision" time="0.236" classname="tests.CurrentWeatherTest"/>
</testsuite> <!-- tests.CurrentWeatherTest -->
